<?xml version="1.0" encoding="UTF-8"?>
<testsuite xmlns:xsi="http://www.w3.org/2001/XMLSchema-instance" xsi:noNamespaceSchemaLocation="https://maven.apache.org/surefire/maven-surefire-plugin/xsd/surefire-test-report.xsd" name="cucumberOptions.RunCucumberTest" time="0.509" tests="1" errors="1" skipped="0" failures="0">
  <properties>
    <property name="sun.desktop" value="gnome"/>
    <property name="awt.toolkit" value="sun.awt.X11.XToolkit"/>
    <property name="file.encoding.pkg" value="sun.io"/>
    <property name="java.specification.version" value="1.8"/>
    <property name="sun.cpu.isalist" value=""/>
    <property name="sun.jnu.encoding" value="UTF-8"/>
    <property name="java.class.path" value="/home/purva/Documents/javacucumberfinal/target/test-classes:/home/purva/Documents/javacucumberfinal/target/classes:/home/purva/.m2/repository/junit/junit/4.12/junit-4.12.jar:/home/purva/.m2/repository/org/hamcrest/hamcrest-core/1.3/hamcrest-core-1.3.jar:/home/purva/.m2/repository/io/cucumber/cucumber-java/7.11.0/cucumber-java-7.11.0.jar:/home/purva/.m2/repository/org/apiguardian/apiguardian-api/1.1.2/apiguardian-api-1.1.2.jar:/home/purva/.m2/repository/io/cucumber/cucumber-junit/7.11.0/cucumber-junit-7.11.0.jar:/home/purva/.m2/repository/io/cucumber/cucumber-core/7.11.0/cucumber-core-7.11.0.jar:/home/purva/.m2/repository/io/cucumber/cucumber-gherkin/7.11.0/cucumber-gherkin-7.11.0.jar:/home/purva/.m2/repository/io/cucumber/cucumber-gherkin-messages/7.11.0/cucumber-gherkin-messages-7.11.0.jar:/home/purva/.m2/repository/io/cucumber/gherkin/26.0.3/gherkin-26.0.3.jar:/home/purva/.m2/repository/io/cucumber/messages/21.0.1/messages-21.0.1.jar:/home/purva/.m2/repository/io/cucumber/tag-expressions/5.0.1/tag-expressions-5.0.1.jar:/home/purva/.m2/repository/io/cucumber/cucumber-expressions/16.1.1/cucumber-expressions-16.1.1.jar:/home/purva/.m2/repository/io/cucumber/datatable/7.11.0/datatable-7.11.0.jar:/home/purva/.m2/repository/io/cucumber/cucumber-plugin/7.11.0/cucumber-plugin-7.11.0.jar:/home/purva/.m2/repository/io/cucumber/docstring/7.11.0/docstring-7.11.0.jar:/home/purva/.m2/repository/io/cucumber/html-formatter/20.2.1/html-formatter-20.2.1.jar:/home/purva/.m2/repository/io/cucumber/junit-xml-formatter/0.1.0/junit-xml-formatter-0.1.0.jar:/home/purva/.m2/repository/io/cucumber/ci-environment/9.1.0/ci-environment-9.1.0.jar:/home/purva/.m2/repository/io/cucumber/cucumber-java8/7.11.0/cucumber-java8-7.11.0.jar:/home/purva/.m2/repository/net/jodah/typetools/0.6.3/typetools-0.6.3.jar:"/>
    <property name="java.vm.vendor" value="Private Build"/>
    <property name="sun.arch.data.model" value="64"/>
    <property name="java.vendor.url" value="http://java.oracle.com/"/>
    <property name="user.timezone" value=""/>
    <property name="java.vm.specification.version" value="1.8"/>
    <property name="os.name" value="Linux"/>
    <property name="user.country" value="US"/>
    <property name="sun.java.launcher" value="SUN_STANDARD"/>
    <property name="sun.boot.library.path" value="/usr/lib/jvm/java-8-openjdk-amd64/jre/lib/amd64"/>
    <property name="sun.java.command" value="/home/purva/Documents/javacucumberfinal/target/surefire/surefirebooter60001685677828673.jar /home/purva/Documents/javacucumberfinal/target/surefire 2024-08-02T17-46-15_991-jvmRun1 surefire3013990845216735548tmp surefire_08225947729021293883tmp"/>
    <property name="surefire.test.class.path" value="/home/purva/Documents/javacucumberfinal/target/test-classes:/home/purva/Documents/javacucumberfinal/target/classes:/home/purva/.m2/repository/junit/junit/4.12/junit-4.12.jar:/home/purva/.m2/repository/org/hamcrest/hamcrest-core/1.3/hamcrest-core-1.3.jar:/home/purva/.m2/repository/io/cucumber/cucumber-java/7.11.0/cucumber-java-7.11.0.jar:/home/purva/.m2/repository/org/apiguardian/apiguardian-api/1.1.2/apiguardian-api-1.1.2.jar:/home/purva/.m2/repository/io/cucumber/cucumber-junit/7.11.0/cucumber-junit-7.11.0.jar:/home/purva/.m2/repository/io/cucumber/cucumber-core/7.11.0/cucumber-core-7.11.0.jar:/home/purva/.m2/repository/io/cucumber/cucumber-gherkin/7.11.0/cucumber-gherkin-7.11.0.jar:/home/purva/.m2/repository/io/cucumber/cucumber-gherkin-messages/7.11.0/cucumber-gherkin-messages-7.11.0.jar:/home/purva/.m2/repository/io/cucumber/gherkin/26.0.3/gherkin-26.0.3.jar:/home/purva/.m2/repository/io/cucumber/messages/21.0.1/messages-21.0.1.jar:/home/purva/.m2/repository/io/cucumber/tag-expressions/5.0.1/tag-expressions-5.0.1.jar:/home/purva/.m2/repository/io/cucumber/cucumber-expressions/16.1.1/cucumber-expressions-16.1.1.jar:/home/purva/.m2/repository/io/cucumber/datatable/7.11.0/datatable-7.11.0.jar:/home/purva/.m2/repository/io/cucumber/cucumber-plugin/7.11.0/cucumber-plugin-7.11.0.jar:/home/purva/.m2/repository/io/cucumber/docstring/7.11.0/docstring-7.11.0.jar:/home/purva/.m2/repository/io/cucumber/html-formatter/20.2.1/html-formatter-20.2.1.jar:/home/purva/.m2/repository/io/cucumber/junit-xml-formatter/0.1.0/junit-xml-formatter-0.1.0.jar:/home/purva/.m2/repository/io/cucumber/ci-environment/9.1.0/ci-environment-9.1.0.jar:/home/purva/.m2/repository/io/cucumber/cucumber-java8/7.11.0/cucumber-java8-7.11.0.jar:/home/purva/.m2/repository/net/jodah/typetools/0.6.3/typetools-0.6.3.jar:"/>
    <property name="sun.cpu.endian" value="little"/>
    <property name="user.home" value="/home/purva"/>
    <property name="user.language" value="en"/>
    <property name="java.specification.vendor" value="Oracle Corporation"/>
    <property name="java.home" value="/usr/lib/jvm/java-8-openjdk-amd64/jre"/>
    <property name="basedir" value="/home/purva/Documents/javacucumberfinal"/>
    <property name="file.separator" value="/"/>
    <property name="line.separator" value="&#10;"/>
    <property name="java.vm.specification.vendor" value="Oracle Corporation"/>
    <property name="java.specification.name" value="Java Platform API Specification"/>
    <property name="java.awt.graphicsenv" value="sun.awt.X11GraphicsEnvironment"/>
    <property name="surefire.real.class.path" value="/home/purva/Documents/javacucumberfinal/target/surefire/surefirebooter60001685677828673.jar"/>
    <property name="sun.boot.class.path" value="/usr/lib/jvm/java-8-openjdk-amd64/jre/lib/resources.jar:/usr/lib/jvm/java-8-openjdk-amd64/jre/lib/rt.jar:/usr/lib/jvm/java-8-openjdk-amd64/jre/lib/sunrsasign.jar:/usr/lib/jvm/java-8-openjdk-amd64/jre/lib/jsse.jar:/usr/lib/jvm/java-8-openjdk-amd64/jre/lib/jce.jar:/usr/lib/jvm/java-8-openjdk-amd64/jre/lib/charsets.jar:/usr/lib/jvm/java-8-openjdk-amd64/jre/lib/jfr.jar:/usr/lib/jvm/java-8-openjdk-amd64/jre/classes"/>
    <property name="sun.management.compiler" value="HotSpot 64-Bit Tiered Compilers"/>
    <property name="java.runtime.version" value="1.8.0_412-8u412-ga-1~20.04.1-b08"/>
    <property name="user.name" value="purva"/>
    <property name="path.separator" value=":"/>
    <property name="os.version" value="5.15.0-117-generic"/>
    <property name="java.endorsed.dirs" value="/usr/lib/jvm/java-8-openjdk-amd64/jre/lib/endorsed"/>
    <property name="java.runtime.name" value="OpenJDK Runtime Environment"/>
    <property name="file.encoding" value="UTF-8"/>
    <property name="java.vm.name" value="OpenJDK 64-Bit Server VM"/>
    <property name="localRepository" value="/home/purva/.m2/repository"/>
    <property name="java.vendor.url.bug" value="http://bugreport.sun.com/bugreport/"/>
    <property name="java.io.tmpdir" value="/tmp"/>
    <property name="java.version" value="1.8.0_412"/>
    <property name="user.dir" value="/home/purva/Documents/javacucumberfinal"/>
    <property name="os.arch" value="amd64"/>
    <property name="java.vm.specification.name" value="Java Virtual Machine Specification"/>
    <property name="java.awt.printerjob" value="sun.print.PSPrinterJob"/>
    <property name="sun.os.patch.level" value="unknown"/>
    <property name="java.library.path" value="/usr/java/packages/lib/amd64:/usr/lib/x86_64-linux-gnu/jni:/lib/x86_64-linux-gnu:/usr/lib/x86_64-linux-gnu:/usr/lib/jni:/lib:/usr/lib"/>
    <property name="java.vm.info" value="mixed mode"/>
    <property name="java.vendor" value="Private Build"/>
    <property name="java.vm.version" value="25.412-b08"/>
    <property name="java.specification.maintenance.version" value="5"/>
    <property name="java.ext.dirs" value="/usr/lib/jvm/java-8-openjdk-amd64/jre/lib/ext:/usr/java/packages/lib/ext"/>
    <property name="sun.io.unicode.encoding" value="UnicodeLittle"/>
    <property name="java.class.version" value="52.0"/>
  </properties>
  <testcase name="Example scenario" classname="Example feature" time="0.072">
    <error message="The step &apos;I have a configured Cucumber environment&apos; and 2 other step(s) are undefined.&#10;You can implement these steps using the snippet(s) below:&#10;&#10;@Given(&quot;I have a configured Cucumber environment&quot;)&#10;public void i_have_a_configured_cucumber_environment() {&#10;    // Write code here that turns the phrase above into concrete actions&#10;    throw new io.cucumber.java.PendingException();&#10;}&#10;Given(&quot;I have a configured Cucumber environment&quot;, () -&gt; {&#10;    // Write code here that turns the phrase above into concrete actions&#10;    throw new io.cucumber.java8.PendingException();&#10;});&#10;@When(&quot;I run my tests&quot;)&#10;public void i_run_my_tests() {&#10;    // Write code here that turns the phrase above into concrete actions&#10;    throw new io.cucumber.java.PendingException();&#10;}&#10;When(&quot;I run my tests&quot;, () -&gt; {&#10;    // Write code here that turns the phrase above into concrete actions&#10;    throw new io.cucumber.java8.PendingException();&#10;});&#10;@Then(&quot;they should pass&quot;)&#10;public void they_should_pass() {&#10;    // Write code here that turns the phrase above into concrete actions&#10;    throw new io.cucumber.java.PendingException();&#10;}&#10;Then(&quot;they should pass&quot;, () -&gt; {&#10;    // Write code here that turns the phrase above into concrete actions&#10;    throw new io.cucumber.java8.PendingException();&#10;});&#10;" type="io.cucumber.junit.UndefinedStepException">io.cucumber.junit.UndefinedStepException: 
The step 'I have a configured Cucumber environment' and 2 other step(s) are undefined.
You can implement these steps using the snippet(s) below:

@Given("I have a configured Cucumber environment")
public void i_have_a_configured_cucumber_environment() {
    // Write code here that turns the phrase above into concrete actions
    throw new io.cucumber.java.PendingException();
}
Given("I have a configured Cucumber environment", () -> {
    // Write code here that turns the phrase above into concrete actions
    throw new io.cucumber.java8.PendingException();
});
@When("I run my tests")
public void i_run_my_tests() {
    // Write code here that turns the phrase above into concrete actions
    throw new io.cucumber.java.PendingException();
}
When("I run my tests", () -> {
    // Write code here that turns the phrase above into concrete actions
    throw new io.cucumber.java8.PendingException();
});
@Then("they should pass")
public void they_should_pass() {
    // Write code here that turns the phrase above into concrete actions
    throw new io.cucumber.java.PendingException();
}
Then("they should pass", () -> {
    // Write code here that turns the phrase above into concrete actions
    throw new io.cucumber.java8.PendingException();
});

</error>
    <system-out><![CDATA[
Scenario: Example scenario                       &amp#27;[90m# src/test/java/com/TestGoogle.feature:2&amp#27;[0m
  &amp#27;[33mGiven &amp#27;[0m&amp#27;[33mI have a configured Cucumber environment&amp#27;[0m
  &amp#27;[36mWhen &amp#27;[0m&amp#27;[36mI run my tests&amp#27;[0m
  &amp#27;[36mThen &amp#27;[0m&amp#27;[36mthey should pass&amp#27;[0m
]]></system-out>
    <system-err><![CDATA[Aug 02, 2024 5:46:16 PM io.cucumber.core.feature.GluePath warnWhenWellKnownProjectSourceDirectory
WARNING: Consider replacing glue path 'src/test/java/stepDefinitions' with 'stepDefinitions'.
'
The current glue path points to a source directory in your project. However cucumber looks for glue (i.e. step definitions) on the classpath. By using a package name you can avoid this ambiguity.
]]></system-err>
  </testcase>
</testsuite>